<?xml version="1.0" encoding="UTF-8"?>
<!-- Generated by org.testng.reporters.JUnitReportReporter -->
<testsuite hostname="DESKTOP-MEL0TQP" failures="0" tests="1" name="package1.DemoTest1" time="5.883" errors="0" timestamp="2024-08-03T15:06:26 IST" skipped="0">
  <testcase classname="package1.DemoTest1" name="demoTest1" time="5.883"/>
  <system-out/>
</testsuite> <!-- package1.DemoTest1 -->
