<?xml version="1.0" encoding="UTF-8"?>
<!-- Generated by org.testng.reporters.JUnitReportReporter -->
<testsuite hostname="DESKTOP-MEL0TQP" failures="0" tests="1" name="mjd1_1.DemoTest1" time="10.488" errors="0" timestamp="2024-08-03T15:21:36 IST" skipped="0">
  <testcase classname="mjd1_1.DemoTest1" name="demoTest1" time="10.488"/>
  <system-out/>
</testsuite> <!-- mjd1_1.DemoTest1 -->
