<?xml version="1.0" encoding="UTF-8"?>
<!-- Generated by org.testng.reporters.JUnitReportReporter -->
<testsuite hostname="DESKTOP-MEL0TQP" failures="0" tests="1" name="mjd1_1.DemoTest2" time="4.105" errors="0" timestamp="2024-08-05T16:32:08 IST" skipped="0">
  <testcase classname="mjd1_1.DemoTest2" name="demoTest2" time="4.105"/>
  <system-out/>
</testsuite> <!-- mjd1_1.DemoTest2 -->
